Info Created .vscode/extensions.json with dbt extension recommendation
Success Project created successfully!
Info Project name: jaffle_shop
Info Project directory: jaffle_shop
Validating profile inputs, adapters, and connection

dbt-fusion 2.0.0-beta.27
   Loading ~/.dbt/profiles.yml
error: dbt1001: Profile 'jaffle_shop' not found in dbt profiles.yml
  Finished 'init'  with 1 error in 26ms 370us
[0m09:39:27.505774 [debug] [MainThread]: Got an exception trying to initialize tracking


============================== 09:39:27.514067 | a33ecb4f-0e88-4d1d-a6c9-45036522344b ==============================
[0m09:39:27.514067 [info ] [MainThread]: Running with dbt=1.11.6
[0m09:39:27.514500 [debug] [MainThread]: running dbt with arguments {'quiet': 'False', 'send_anonymous_usage_stats': 'True', 'no_print': 'None', 'printer_width': '80', 'debug': 'False', 'use_experimental_parser': 'False', 'static_parser': 'True', 'partial_parse': 'True', 'profiles_dir': '/Users/saikumar/.dbt', 'use_colors': 'True', 'cache_selected_only': 'False', 'log_format': 'default', 'empty': 'None', 'indirect_selection': 'eager', 'target_path': 'None', 'log_cache_events': 'False', 'version_check': 'True', 'warn_error_options': 'WarnErrorOptionsV2(error=[], warn=[], silence=[])', 'log_path': 'logs', 'invocation_command': 'dbt clean', 'introspect': 'True', 'warn_error': 'None', 'write_json': 'True', 'fail_fast': 'False'}
[0m09:39:27.514876 [error] [MainThread]: Encountered an error:
Runtime Error
  No dbt_project.yml found at expected path /Volumes/Usage/dbt_snowflake_aws_project/dbt_project.yml
  Verify that each entry within packages.yml (and their transitive dependencies) contains a file named dbt_project.yml
  
[0m09:39:27.515827 [debug] [MainThread]: Resource report: {"command_name": "clean", "command_success": false, "command_wall_clock_time": 0.029869292, "process_in_blocks": "0", "process_kernel_time": 0.070659, "process_mem_max_rss": "109084672", "process_out_blocks": "0", "process_user_time": 0.526993}
[0m09:39:27.516039 [debug] [MainThread]: Command `dbt clean` failed at 09:39:27.516002 after 0.03 seconds
[0m09:39:27.516164 [debug] [MainThread]: Flushing usage events
[0m09:43:27.183436 [debug] [MainThread]: Got an exception trying to initialize tracking


============================== 09:43:27.192549 | 106d0780-732b-40a2-a05d-114fb2bc5727 ==============================
[0m09:43:27.192549 [info ] [MainThread]: Running with dbt=1.11.6
[0m09:43:27.192969 [debug] [MainThread]: running dbt with arguments {'profiles_dir': '/Users/saikumar/.dbt', 'log_path': 'logs', 'write_json': 'True', 'invocation_command': 'dbt deps', 'use_experimental_parser': 'False', 'log_format': 'default', 'send_anonymous_usage_stats': 'True', 'version_check': 'True', 'partial_parse': 'True', 'fail_fast': 'False', 'cache_selected_only': 'False', 'target_path': 'None', 'warn_error': 'None', 'no_print': 'None', 'empty': 'None', 'introspect': 'True', 'quiet': 'False', 'debug': 'False', 'log_cache_events': 'False', 'use_colors': 'True', 'warn_error_options': 'WarnErrorOptionsV2(error=[], warn=[], silence=[])', 'static_parser': 'True', 'printer_width': '80', 'indirect_selection': 'eager'}
[0m09:43:27.193608 [error] [MainThread]: Encountered an error:
Runtime Error
  No dbt_project.yml found at expected path /Volumes/Usage/dbt_snowflake_aws_project/dbt_project.yml
  Verify that each entry within packages.yml (and their transitive dependencies) contains a file named dbt_project.yml
  
[0m09:43:27.194854 [debug] [MainThread]: Resource report: {"command_name": "deps", "command_success": false, "command_wall_clock_time": 0.031320333, "process_in_blocks": "0", "process_kernel_time": 0.068509, "process_mem_max_rss": "109281280", "process_out_blocks": "0", "process_user_time": 0.523492}
[0m09:43:27.195079 [debug] [MainThread]: Command `dbt deps` failed at 09:43:27.195037 after 0.03 seconds
[0m09:43:27.195208 [debug] [MainThread]: Flushing usage events
[0m10:03:13.257052 [debug] [MainThread]: Got an exception trying to initialize tracking


============================== 10:03:13.268377 | 8214a589-5ab6-4bf0-a850-e951d6f8b5e6 ==============================
[0m10:03:13.268377 [info ] [MainThread]: Running with dbt=1.11.6
[0m10:03:13.268810 [debug] [MainThread]: running dbt with arguments {'send_anonymous_usage_stats': 'True', 'empty': 'None', 'profiles_dir': '/Users/saikumar/.dbt', 'partial_parse': 'True', 'no_print': 'None', 'cache_selected_only': 'False', 'debug': 'False', 'version_check': 'True', 'write_json': 'True', 'warn_error_options': 'WarnErrorOptionsV2(error=[], warn=[], silence=[])', 'log_format': 'default', 'warn_error': 'None', 'target_path': 'None', 'use_colors': 'True', 'log_path': 'logs', 'use_experimental_parser': 'False', 'fail_fast': 'False', 'static_parser': 'True', 'invocation_command': 'dbt test', 'introspect': 'True', 'indirect_selection': 'eager', 'printer_width': '80', 'quiet': 'False', 'log_cache_events': 'False'}
[0m10:03:13.269082 [error] [MainThread]: Encountered an error:
Runtime Error
  No dbt_project.yml found at expected path /Volumes/Usage/dbt_snowflake_aws_project/dbt_project.yml
  Verify that each entry within packages.yml (and their transitive dependencies) contains a file named dbt_project.yml
  
[0m10:03:13.270539 [debug] [MainThread]: Resource report: {"command_name": "test", "command_success": false, "command_wall_clock_time": 0.034267627, "process_in_blocks": "0", "process_kernel_time": 0.094279, "process_mem_max_rss": "108756992", "process_out_blocks": "0", "process_user_time": 0.532553}
[0m10:03:13.270783 [debug] [MainThread]: Command `dbt test` failed at 10:03:13.270741 after 0.03 seconds
[0m10:03:13.270924 [debug] [MainThread]: Flushing usage events
[0m10:21:29.600135 [debug] [MainThread]: Sending event: {'category': 'dbt', 'action': 'invocation', 'label': 'start', 'context': [<snowplow_tracker.self_describing_json.SelfDescribingJson object at 0x10d79cf80>, <snowplow_tracker.self_describing_json.SelfDescribingJson object at 0x10e150650>, <snowplow_tracker.self_describing_json.SelfDescribingJson object at 0x10e1503e0>]}


============================== 10:21:29.602886 | 640f3dc4-c77a-4585-97de-6464975e0993 ==============================
[0m10:21:29.602886 [info ] [MainThread]: Running with dbt=1.11.6
[0m10:21:29.603165 [debug] [MainThread]: running dbt with arguments {'warn_error': 'None', 'invocation_command': 'dbt compile', 'use_colors': 'True', 'version_check': 'True', 'write_json': 'True', 'quiet': 'False', 'empty': 'False', 'cache_selected_only': 'False', 'no_print': 'None', 'log_path': 'logs', 'log_cache_events': 'False', 'introspect': 'True', 'send_anonymous_usage_stats': 'True', 'use_experimental_parser': 'False', 'static_parser': 'True', 'partial_parse': 'True', 'printer_width': '80', 'warn_error_options': 'WarnErrorOptionsV2(error=[], warn=[], silence=[])', 'debug': 'False', 'log_format': 'default', 'profiles_dir': '/Users/saikumar/.dbt', 'target_path': 'None', 'fail_fast': 'False', 'indirect_selection': 'eager'}
[0m10:21:29.603552 [error] [MainThread]: Encountered an error:
Runtime Error
  No dbt_project.yml found at expected path /Volumes/Usage/dbt_snowflake_aws_project/dbt_project.yml
  Verify that each entry within packages.yml (and their transitive dependencies) contains a file named dbt_project.yml
  
[0m10:21:29.604511 [debug] [MainThread]: Resource report: {"command_name": "compile", "command_success": false, "command_wall_clock_time": 0.031203125, "process_in_blocks": "0", "process_kernel_time": 0.075164, "process_mem_max_rss": "108396544", "process_out_blocks": "0", "process_user_time": 0.539855}
[0m10:21:29.604710 [debug] [MainThread]: Command `dbt compile` failed at 10:21:29.604672 after 0.03 seconds
[0m10:21:29.604838 [debug] [MainThread]: Sending event: {'category': 'dbt', 'action': 'invocation', 'label': 'end', 'context': [<snowplow_tracker.self_describing_json.SelfDescribingJson object at 0x10dd53fe0>, <snowplow_tracker.self_describing_json.SelfDescribingJson object at 0x10e150470>, <snowplow_tracker.self_describing_json.SelfDescribingJson object at 0x10e152360>]}
[0m10:21:29.604963 [debug] [MainThread]: Flushing usage events
[0m10:21:30.053712 [debug] [MainThread]: An error was encountered while trying to flush usage events
[0m11:02:44.453466 [debug] [MainThread]: Sending event: {'category': 'dbt', 'action': 'invocation', 'label': 'start', 'context': [<snowplow_tracker.self_describing_json.SelfDescribingJson object at 0x10c943d10>, <snowplow_tracker.self_describing_json.SelfDescribingJson object at 0x10d883ce0>, <snowplow_tracker.self_describing_json.SelfDescribingJson object at 0x10dac05c0>]}


============================== 11:02:44.455975 | 09cbee5c-8887-4b87-aed0-d7e0a85d5dc8 ==============================
[0m11:02:44.455975 [info ] [MainThread]: Running with dbt=1.11.6
[0m11:02:44.456256 [debug] [MainThread]: running dbt with arguments {'partial_parse': 'True', 'cache_selected_only': 'False', 'introspect': 'True', 'static_parser': 'True', 'log_cache_events': 'False', 'log_path': 'logs', 'quiet': 'False', 'warn_error': 'None', 'target_path': 'None', 'send_anonymous_usage_stats': 'True', 'printer_width': '80', 'log_format': 'default', 'debug': 'False', 'indirect_selection': 'eager', 'no_print': 'None', 'use_experimental_parser': 'False', 'warn_error_options': 'WarnErrorOptionsV2(error=[], warn=[], silence=[])', 'profiles_dir': '/Users/saikumar/.dbt', 'invocation_command': 'dbt compile', 'use_colors': 'True', 'fail_fast': 'False', 'version_check': 'True', 'empty': 'False', 'write_json': 'True'}
[0m11:02:44.456546 [error] [MainThread]: Encountered an error:
Runtime Error
  No dbt_project.yml found at expected path /Volumes/Usage/dbt_snowflake_aws_project/dbt_project.yml
  Verify that each entry within packages.yml (and their transitive dependencies) contains a file named dbt_project.yml
  
[0m11:02:44.457745 [debug] [MainThread]: Resource report: {"command_name": "compile", "command_success": false, "command_wall_clock_time": 0.033807293, "process_in_blocks": "0", "process_kernel_time": 0.088372, "process_mem_max_rss": "108675072", "process_out_blocks": "0", "process_user_time": 0.539738}
[0m11:02:44.457943 [debug] [MainThread]: Command `dbt compile` failed at 11:02:44.457907 after 0.03 seconds
[0m11:02:44.458076 [debug] [MainThread]: Sending event: {'category': 'dbt', 'action': 'invocation', 'label': 'end', 'context': [<snowplow_tracker.self_describing_json.SelfDescribingJson object at 0x10da8bfe0>, <snowplow_tracker.self_describing_json.SelfDescribingJson object at 0x10da423c0>, <snowplow_tracker.self_describing_json.SelfDescribingJson object at 0x10dac2840>]}
[0m11:02:44.458198 [debug] [MainThread]: Flushing usage events
[0m11:02:44.902634 [debug] [MainThread]: An error was encountered while trying to flush usage events
